<!DOCTYPE html>
<html lang="en">
<head>
    <meta charset="UTF-8">
    <meta http-equiv="X-UA-Compatible" content="IE=edge">
    <meta name="viewport" content="width=device-width, initial-scale=1.0">
    <title></title>
    <meta charset="utf-8" />
    <meta name="viewport" content="width=device-width, initial-scale=1" />
    
    <meta property="og:locale" content="en_US" />
    <meta property="og:type" content="article" />
    <meta property="og:title" content="" />
    <meta property="og:url" content="" />
    <meta property="og:site_name" content="" />

    <link rel="shortcut icon" href="./src/themes/localtonet-admin/assets/media/logos/favicon.ico" />
    <link rel="stylesheet" href="https://fonts.googleapis.com/css?family=Inter:300,400,500,600,700" />
    <link rel="stylesheet" href="https://cdnjs.cloudflare.com/ajax/libs/font-awesome/5.9.0/css/all.min.css" integrity="sha512-q3eWabyZPc1XTCmF+8/LuE1ozpg5xxn7iO89yfSOd5/oKvyqLngoNGsx8jq92Y8eXJ/IRxQbEC+FGSYxtk2oiw==" crossorigin="anonymous" referrerpolicy="no-referrer" />
    
    <!-- <link rel="stylesheet" type="text/css" href="./node_modules/jquery-ui/dist/themes/redmond/jquery-ui.css"> -->
    <!-- <link rel="stylesheet" type="text/css" href="./public/jqgrid/css/ui.jqgrid.css"> -->

    <script src="./node_modules/jquery/dist/jquery.min.js"></script>
    <!-- <script src="./node_modules/jquery-ui/dist/jquery-ui.min.js"></script> -->
    <!-- <script src="./public/jquery.jqGrid.MIN.js"></script> -->
    <!-- <script src="./public/jqgrid/js/i18n/grid.locale-id.js"></script> -->
    
  <script type="module" crossorigin src="/assets/index-a4b78b62.js"></script>
  <link rel="stylesheet" href="/assets/index-1ebd84c7.css">
</head>
<body id="kt_body">
   
    <div id="root"></div>

     
    <script src="./node_modules/preline/dist/preline.js"></script>
</body>
</html>